2024-02-20 16:39:24 [main] INFO  com.whydigit.wms.WMSApplication : Starting WMSApplication using Java 17 on DESKTOP-K8H1MVP with PID 7148 (D:\WMS\target\classes started by WDS032 in D:\WMS)
2024-02-20 16:39:24 [main] DEBUG com.whydigit.wms.WMSApplication : Running with Spring Boot v2.7.16, Spring v5.3.30
2024-02-20 16:39:24 [main] INFO  com.whydigit.wms.WMSApplication : No active profile set, falling back to 1 default profile: "default"
2024-02-20 16:39:27 [main] INFO  o.s.d.r.c.RepositoryConfigurationDelegate : Bootstrapping Spring Data JPA repositories in DEFAULT mode.
2024-02-20 16:39:27 [main] INFO  o.s.d.r.c.RepositoryConfigurationDelegate : Finished Spring Data repository scanning in 339 ms. Found 24 JPA repository interfaces.
2024-02-20 16:39:28 [main] INFO  o.s.b.w.e.tomcat.TomcatWebServer : Tomcat initialized with port(s): 8085 (http)
2024-02-20 16:39:28 [main] INFO  o.s.b.w.s.c.ServletWebServerApplicationContext : Root WebApplicationContext: initialization completed in 3320 ms
2024-02-20 16:39:31 [main] INFO  o.s.o.j.LocalContainerEntityManagerFactoryBean : Initialized JPA EntityManagerFactory for persistence unit 'default'
2024-02-20 16:39:31 [main] DEBUG c.w.wms.security.TokenProvider : getHMacSHA512Key byte : [12, -25, -38, 72, -63, 43, -10, -1, -92, -96, -43, -90, 36, 125, -26, -107, -114, 15, -111, 33, -46, -73, -123, -5, -53, -128, -52, -40, 30, -29, 118, 91, -14, 63, -92, -52, -67, -111, -57, 117, 90, -46, 15, -79, 115, -86, -3, 20, 114, -44, 26, -4, -5, 76, 65, 22, 23, -82, 115, 7, 111, 98, 119, 13]
2024-02-20 16:39:31 [main] DEBUG c.w.w.s.TokenAuthenticationFilter : Filter 'tokenAuthenticationFilter' configured for use
2024-02-20 16:39:32 [main] WARN  o.s.b.a.o.j.JpaBaseConfiguration$JpaWebConfiguration : spring.jpa.open-in-view is enabled by default. Therefore, database queries may be performed during view rendering. Explicitly configure spring.jpa.open-in-view to disable this warning
2024-02-20 16:39:33 [main] INFO  o.s.s.web.DefaultSecurityFilterChain : Will secure any request with [org.springframework.security.web.session.DisableEncodeUrlFilter@333afc53, org.springframework.security.web.context.request.async.WebAsyncManagerIntegrationFilter@5ea9f2f3, org.springframework.security.web.context.SecurityContextPersistenceFilter@2c634c0, org.springframework.security.web.header.HeaderWriterFilter@301608d, org.springframework.web.filter.CorsFilter@58d4238e, org.springframework.security.web.authentication.logout.LogoutFilter@2f4b2ee3, com.whydigit.wms.security.TokenAuthenticationFilter@15b882a0, org.springframework.security.web.savedrequest.RequestCacheAwareFilter@71d2bc34, org.springframework.security.web.servletapi.SecurityContextHolderAwareRequestFilter@2e903c69, org.springframework.security.web.authentication.AnonymousAuthenticationFilter@72e5f018, org.springframework.security.web.session.SessionManagementFilter@bd8f424, org.springframework.security.web.access.ExceptionTranslationFilter@ab7ac41, org.springframework.security.web.access.intercept.FilterSecurityInterceptor@78ba0a57]
2024-02-20 16:39:33 [main] INFO  o.s.b.w.e.tomcat.TomcatWebServer : Tomcat started on port(s): 8085 (http) with context path ''
2024-02-20 16:39:34 [main] INFO  com.whydigit.wms.WMSApplication : Started WMSApplication in 10.361 seconds (JVM running for 11.272)
2024-02-20 16:58:35 [http-nio-8085-exec-1] INFO  o.s.web.servlet.DispatcherServlet : Initializing Servlet 'dispatcherServlet'
2024-02-20 16:58:35 [http-nio-8085-exec-1] INFO  o.s.web.servlet.DispatcherServlet : Completed initialization in 4 ms
2024-02-20 16:58:55 [http-nio-8085-exec-1] DEBUG c.w.w.c.WarehouseMasterController : STARTING METHOD :getAllMaterials() 
2024-02-20 16:58:55 [http-nio-8085-exec-1] DEBUG c.w.wms.controller.BaseController : STARTING METHOD :createServiceResponse() 
2024-02-20 16:58:55 [http-nio-8085-exec-1] DEBUG c.w.wms.controller.BaseController : ENDING METHOD :createServiceResponse() 
2024-02-20 16:58:55 [http-nio-8085-exec-1] DEBUG c.w.w.c.WarehouseMasterController : ENDING METHOD :getAllMaterials() 
2024-02-20 17:34:10 [RMI TCP Connection(52)-127.0.0.1] INFO  o.s.b.a.SpringApplicationAdminMXBeanRegistrar$SpringApplicationAdmin : Application shutdown requested.
2024-02-20 17:34:10 [RMI TCP Connection(52)-127.0.0.1] INFO  o.s.o.j.LocalContainerEntityManagerFactoryBean : Closing JPA EntityManagerFactory for persistence unit 'default'
2024-02-20 17:34:14 [main] INFO  com.whydigit.wms.WMSApplication : Starting WMSApplication using Java 17 on DESKTOP-K8H1MVP with PID 3424 (D:\WMS\target\classes started by WDS032 in D:\WMS)
2024-02-20 17:34:14 [main] DEBUG com.whydigit.wms.WMSApplication : Running with Spring Boot v2.7.16, Spring v5.3.30
2024-02-20 17:34:14 [main] INFO  com.whydigit.wms.WMSApplication : No active profile set, falling back to 1 default profile: "default"
2024-02-20 17:34:15 [main] INFO  o.s.d.r.c.RepositoryConfigurationDelegate : Bootstrapping Spring Data JPA repositories in DEFAULT mode.
2024-02-20 17:34:15 [main] INFO  o.s.d.r.c.RepositoryConfigurationDelegate : Finished Spring Data repository scanning in 171 ms. Found 24 JPA repository interfaces.
2024-02-20 17:34:16 [main] INFO  o.s.b.w.e.tomcat.TomcatWebServer : Tomcat initialized with port(s): 8085 (http)
2024-02-20 17:34:16 [main] INFO  o.s.b.w.s.c.ServletWebServerApplicationContext : Root WebApplicationContext: initialization completed in 2329 ms
2024-02-20 17:34:19 [main] INFO  o.s.o.j.LocalContainerEntityManagerFactoryBean : Initialized JPA EntityManagerFactory for persistence unit 'default'
2024-02-20 17:34:19 [main] DEBUG c.w.wms.security.TokenProvider : getHMacSHA512Key byte : [12, -25, -38, 72, -63, 43, -10, -1, -92, -96, -43, -90, 36, 125, -26, -107, -114, 15, -111, 33, -46, -73, -123, -5, -53, -128, -52, -40, 30, -29, 118, 91, -14, 63, -92, -52, -67, -111, -57, 117, 90, -46, 15, -79, 115, -86, -3, 20, 114, -44, 26, -4, -5, 76, 65, 22, 23, -82, 115, 7, 111, 98, 119, 13]
2024-02-20 17:34:19 [main] DEBUG c.w.w.s.TokenAuthenticationFilter : Filter 'tokenAuthenticationFilter' configured for use
2024-02-20 17:34:20 [main] WARN  o.s.b.a.o.j.JpaBaseConfiguration$JpaWebConfiguration : spring.jpa.open-in-view is enabled by default. Therefore, database queries may be performed during view rendering. Explicitly configure spring.jpa.open-in-view to disable this warning
2024-02-20 17:34:21 [main] INFO  o.s.s.web.DefaultSecurityFilterChain : Will secure any request with [org.springframework.security.web.session.DisableEncodeUrlFilter@12ec5e73, org.springframework.security.web.context.request.async.WebAsyncManagerIntegrationFilter@145c6e4d, org.springframework.security.web.context.SecurityContextPersistenceFilter@7593716d, org.springframework.security.web.header.HeaderWriterFilter@75bbeb89, org.springframework.web.filter.CorsFilter@6f1fa1d0, org.springframework.security.web.authentication.logout.LogoutFilter@5f31385e, com.whydigit.wms.security.TokenAuthenticationFilter@44b99467, org.springframework.security.web.savedrequest.RequestCacheAwareFilter@3a7be6e6, org.springframework.security.web.servletapi.SecurityContextHolderAwareRequestFilter@33c590, org.springframework.security.web.authentication.AnonymousAuthenticationFilter@689504b1, org.springframework.security.web.session.SessionManagementFilter@681ba763, org.springframework.security.web.access.ExceptionTranslationFilter@4756c8f3, org.springframework.security.web.access.intercept.FilterSecurityInterceptor@2cf29dce]
2024-02-20 17:34:21 [main] INFO  o.s.b.w.e.tomcat.TomcatWebServer : Tomcat started on port(s): 8085 (http) with context path ''
2024-02-20 17:34:22 [main] INFO  com.whydigit.wms.WMSApplication : Started WMSApplication in 9.028 seconds (JVM running for 9.916)
2024-02-20 17:35:22 [http-nio-8085-exec-1] INFO  o.s.web.servlet.DispatcherServlet : Initializing Servlet 'dispatcherServlet'
2024-02-20 17:35:22 [http-nio-8085-exec-1] INFO  o.s.web.servlet.DispatcherServlet : Completed initialization in 2 ms
2024-02-20 17:35:37 [http-nio-8085-exec-2] DEBUG c.w.w.c.WarehouseMasterController : STARTING METHOD :createMaterial() 
2024-02-20 17:35:37 [http-nio-8085-exec-2] DEBUG c.w.wms.controller.BaseController : STARTING METHOD :createServiceResponse() 
2024-02-20 17:35:37 [http-nio-8085-exec-2] DEBUG c.w.wms.controller.BaseController : ENDING METHOD :createServiceResponse() 
2024-02-20 17:35:37 [http-nio-8085-exec-2] DEBUG c.w.w.c.WarehouseMasterController : ENDING METHOD :createMaterial() 
2024-02-20 17:36:13 [http-nio-8085-exec-3] DEBUG c.w.w.c.WarehouseMasterController : STARTING METHOD :createMaterial() 
2024-02-20 17:36:13 [http-nio-8085-exec-3] DEBUG c.w.wms.controller.BaseController : STARTING METHOD :createServiceResponse() 
2024-02-20 17:36:13 [http-nio-8085-exec-3] DEBUG c.w.wms.controller.BaseController : ENDING METHOD :createServiceResponse() 
2024-02-20 17:36:13 [http-nio-8085-exec-3] DEBUG c.w.w.c.WarehouseMasterController : ENDING METHOD :createMaterial() 
2024-02-20 17:40:28 [http-nio-8085-exec-6] DEBUG c.w.w.c.WarehouseMasterController : STARTING METHOD :createMaterial() 
2024-02-20 17:40:28 [http-nio-8085-exec-6] DEBUG c.w.wms.controller.BaseController : STARTING METHOD :createServiceResponse() 
2024-02-20 17:40:28 [http-nio-8085-exec-6] DEBUG c.w.wms.controller.BaseController : ENDING METHOD :createServiceResponse() 
2024-02-20 17:40:28 [http-nio-8085-exec-6] DEBUG c.w.w.c.WarehouseMasterController : ENDING METHOD :createMaterial() 
2024-02-20 17:42:57 [RMI TCP Connection(12)-127.0.0.1] INFO  o.s.b.a.SpringApplicationAdminMXBeanRegistrar$SpringApplicationAdmin : Application shutdown requested.
2024-02-20 17:42:57 [RMI TCP Connection(12)-127.0.0.1] INFO  o.s.o.j.LocalContainerEntityManagerFactoryBean : Closing JPA EntityManagerFactory for persistence unit 'default'
2024-02-20 17:42:59 [main] INFO  com.whydigit.wms.WMSApplication : Starting WMSApplication using Java 17 on DESKTOP-K8H1MVP with PID 13032 (D:\WMS\target\classes started by WDS032 in D:\WMS)
2024-02-20 17:42:59 [main] DEBUG com.whydigit.wms.WMSApplication : Running with Spring Boot v2.7.16, Spring v5.3.30
2024-02-20 17:42:59 [main] INFO  com.whydigit.wms.WMSApplication : No active profile set, falling back to 1 default profile: "default"
2024-02-20 17:43:01 [main] INFO  o.s.d.r.c.RepositoryConfigurationDelegate : Bootstrapping Spring Data JPA repositories in DEFAULT mode.
2024-02-20 17:43:01 [main] INFO  o.s.d.r.c.RepositoryConfigurationDelegate : Finished Spring Data repository scanning in 191 ms. Found 24 JPA repository interfaces.
2024-02-20 17:43:02 [main] INFO  o.s.b.w.e.tomcat.TomcatWebServer : Tomcat initialized with port(s): 8085 (http)
2024-02-20 17:43:03 [main] INFO  o.s.b.w.s.c.ServletWebServerApplicationContext : Root WebApplicationContext: initialization completed in 3078 ms
2024-02-20 17:43:06 [main] INFO  o.s.o.j.LocalContainerEntityManagerFactoryBean : Initialized JPA EntityManagerFactory for persistence unit 'default'
2024-02-20 17:43:06 [main] DEBUG c.w.wms.security.TokenProvider : getHMacSHA512Key byte : [12, -25, -38, 72, -63, 43, -10, -1, -92, -96, -43, -90, 36, 125, -26, -107, -114, 15, -111, 33, -46, -73, -123, -5, -53, -128, -52, -40, 30, -29, 118, 91, -14, 63, -92, -52, -67, -111, -57, 117, 90, -46, 15, -79, 115, -86, -3, 20, 114, -44, 26, -4, -5, 76, 65, 22, 23, -82, 115, 7, 111, 98, 119, 13]
2024-02-20 17:43:07 [main] DEBUG c.w.w.s.TokenAuthenticationFilter : Filter 'tokenAuthenticationFilter' configured for use
2024-02-20 17:43:08 [main] WARN  o.s.b.a.o.j.JpaBaseConfiguration$JpaWebConfiguration : spring.jpa.open-in-view is enabled by default. Therefore, database queries may be performed during view rendering. Explicitly configure spring.jpa.open-in-view to disable this warning
2024-02-20 17:43:08 [main] INFO  o.s.s.web.DefaultSecurityFilterChain : Will secure any request with [org.springframework.security.web.session.DisableEncodeUrlFilter@5e888fba, org.springframework.security.web.context.request.async.WebAsyncManagerIntegrationFilter@3d2af8d7, org.springframework.security.web.context.SecurityContextPersistenceFilter@12c55199, org.springframework.security.web.header.HeaderWriterFilter@7c2d4398, org.springframework.web.filter.CorsFilter@63d677f5, org.springframework.security.web.authentication.logout.LogoutFilter@7d2ccd7f, com.whydigit.wms.security.TokenAuthenticationFilter@5d4af473, org.springframework.security.web.savedrequest.RequestCacheAwareFilter@5565d718, org.springframework.security.web.servletapi.SecurityContextHolderAwareRequestFilter@4832813d, org.springframework.security.web.authentication.AnonymousAuthenticationFilter@22071f0, org.springframework.security.web.session.SessionManagementFilter@7280785f, org.springframework.security.web.access.ExceptionTranslationFilter@7c27ed2f, org.springframework.security.web.access.intercept.FilterSecurityInterceptor@37b04a2a]
2024-02-20 17:43:09 [main] INFO  o.s.b.w.e.tomcat.TomcatWebServer : Tomcat started on port(s): 8085 (http) with context path ''
2024-02-20 17:43:10 [main] INFO  com.whydigit.wms.WMSApplication : Started WMSApplication in 10.726 seconds (JVM running for 11.523)
2024-02-20 17:43:17 [http-nio-8085-exec-1] INFO  o.s.web.servlet.DispatcherServlet : Initializing Servlet 'dispatcherServlet'
2024-02-20 17:43:17 [http-nio-8085-exec-1] INFO  o.s.web.servlet.DispatcherServlet : Completed initialization in 1 ms
2024-02-20 17:43:40 [http-nio-8085-exec-2] DEBUG c.w.w.c.WarehouseMasterController : STARTING METHOD :createMaterial() 
2024-02-20 17:43:40 [http-nio-8085-exec-2] DEBUG c.w.wms.controller.BaseController : STARTING METHOD :createServiceResponse() 
2024-02-20 17:43:40 [http-nio-8085-exec-2] DEBUG c.w.wms.controller.BaseController : ENDING METHOD :createServiceResponse() 
2024-02-20 17:43:40 [http-nio-8085-exec-2] DEBUG c.w.w.c.WarehouseMasterController : ENDING METHOD :createMaterial() 
2024-02-20 17:44:32 [http-nio-8085-exec-8] DEBUG c.w.w.c.WarehouseMasterController : STARTING METHOD :createMaterial() 
2024-02-20 17:44:32 [http-nio-8085-exec-8] ERROR o.h.e.jdbc.spi.SqlExceptionHelper : Duplicate entry 'UNIWORLDCASIO INDIA PVT LTDCASIO' for key 'material.UK_nrywgoaqmboopaauyvrlljycu'
2024-02-20 17:44:32 [http-nio-8085-exec-8] ERROR c.w.w.c.WarehouseMasterController : MethodName : createMaterial() Error : could not execute statement; SQL [n/a]; constraint [material.UK_nrywgoaqmboopaauyvrlljycu]; nested exception is org.hibernate.exception.ConstraintViolationException: could not execute statement
2024-02-20 17:44:32 [http-nio-8085-exec-8] DEBUG c.w.wms.controller.BaseController : STARTING METHOD :createServiceResponseError() 
2024-02-20 17:44:32 [http-nio-8085-exec-8] DEBUG c.w.wms.controller.BaseController : ENDING METHOD :createServiceResponseError() 
2024-02-20 17:44:32 [http-nio-8085-exec-8] DEBUG c.w.w.c.WarehouseMasterController : ENDING METHOD :createMaterial() 
2024-02-20 17:45:44 [RMI TCP Connection(6)-127.0.0.1] INFO  o.s.b.a.SpringApplicationAdminMXBeanRegistrar$SpringApplicationAdmin : Application shutdown requested.
2024-02-20 17:45:44 [RMI TCP Connection(6)-127.0.0.1] INFO  o.s.o.j.LocalContainerEntityManagerFactoryBean : Closing JPA EntityManagerFactory for persistence unit 'default'
2024-02-20 17:45:46 [main] INFO  com.whydigit.wms.WMSApplication : Starting WMSApplication using Java 17 on DESKTOP-K8H1MVP with PID 4752 (D:\WMS\target\classes started by WDS032 in D:\WMS)
2024-02-20 17:45:46 [main] DEBUG com.whydigit.wms.WMSApplication : Running with Spring Boot v2.7.16, Spring v5.3.30
2024-02-20 17:45:46 [main] INFO  com.whydigit.wms.WMSApplication : No active profile set, falling back to 1 default profile: "default"
2024-02-20 17:45:48 [main] INFO  o.s.d.r.c.RepositoryConfigurationDelegate : Bootstrapping Spring Data JPA repositories in DEFAULT mode.
2024-02-20 17:45:48 [main] INFO  o.s.d.r.c.RepositoryConfigurationDelegate : Finished Spring Data repository scanning in 174 ms. Found 24 JPA repository interfaces.
2024-02-20 17:45:49 [main] INFO  o.s.b.w.e.tomcat.TomcatWebServer : Tomcat initialized with port(s): 8085 (http)
2024-02-20 17:45:49 [main] INFO  o.s.b.w.s.c.ServletWebServerApplicationContext : Root WebApplicationContext: initialization completed in 2275 ms
2024-02-20 17:45:51 [main] INFO  o.s.o.j.LocalContainerEntityManagerFactoryBean : Initialized JPA EntityManagerFactory for persistence unit 'default'
2024-02-20 17:45:51 [main] DEBUG c.w.wms.security.TokenProvider : getHMacSHA512Key byte : [12, -25, -38, 72, -63, 43, -10, -1, -92, -96, -43, -90, 36, 125, -26, -107, -114, 15, -111, 33, -46, -73, -123, -5, -53, -128, -52, -40, 30, -29, 118, 91, -14, 63, -92, -52, -67, -111, -57, 117, 90, -46, 15, -79, 115, -86, -3, 20, 114, -44, 26, -4, -5, 76, 65, 22, 23, -82, 115, 7, 111, 98, 119, 13]
2024-02-20 17:45:52 [main] DEBUG c.w.w.s.TokenAuthenticationFilter : Filter 'tokenAuthenticationFilter' configured for use
2024-02-20 17:45:52 [main] WARN  o.s.b.a.o.j.JpaBaseConfiguration$JpaWebConfiguration : spring.jpa.open-in-view is enabled by default. Therefore, database queries may be performed during view rendering. Explicitly configure spring.jpa.open-in-view to disable this warning
2024-02-20 17:45:53 [main] INFO  o.s.s.web.DefaultSecurityFilterChain : Will secure any request with [org.springframework.security.web.session.DisableEncodeUrlFilter@4a2891d1, org.springframework.security.web.context.request.async.WebAsyncManagerIntegrationFilter@7b6d88d1, org.springframework.security.web.context.SecurityContextPersistenceFilter@5565d718, org.springframework.security.web.header.HeaderWriterFilter@7280785f, org.springframework.web.filter.CorsFilter@63d677f5, org.springframework.security.web.authentication.logout.LogoutFilter@40ef1198, com.whydigit.wms.security.TokenAuthenticationFilter@17a89cb1, org.springframework.security.web.savedrequest.RequestCacheAwareFilter@70c3483b, org.springframework.security.web.servletapi.SecurityContextHolderAwareRequestFilter@276ac94c, org.springframework.security.web.authentication.AnonymousAuthenticationFilter@14cf30b3, org.springframework.security.web.session.SessionManagementFilter@4eba6e1f, org.springframework.security.web.access.ExceptionTranslationFilter@7c2d4398, org.springframework.security.web.access.intercept.FilterSecurityInterceptor@2ae92511]
2024-02-20 17:45:53 [main] INFO  o.s.b.w.e.tomcat.TomcatWebServer : Tomcat started on port(s): 8085 (http) with context path ''
2024-02-20 17:45:54 [main] INFO  com.whydigit.wms.WMSApplication : Started WMSApplication in 8.517 seconds (JVM running for 9.427)
2024-02-20 17:46:00 [http-nio-8085-exec-1] INFO  o.s.web.servlet.DispatcherServlet : Initializing Servlet 'dispatcherServlet'
2024-02-20 17:46:00 [http-nio-8085-exec-1] INFO  o.s.web.servlet.DispatcherServlet : Completed initialization in 2 ms
2024-02-20 17:46:00 [http-nio-8085-exec-1] DEBUG c.w.w.c.WarehouseMasterController : STARTING METHOD :createMaterial() 
2024-02-20 17:46:00 [http-nio-8085-exec-1] ERROR o.h.e.jdbc.spi.SqlExceptionHelper : Duplicate entry 'UNIWORLDCASIO INDIA PVT LTDCASIO' for key 'material.UK_nrywgoaqmboopaauyvrlljycu'
2024-02-20 17:46:00 [http-nio-8085-exec-1] ERROR c.w.w.c.WarehouseMasterController : MethodName : createMaterial() Error : could not execute statement; SQL [n/a]; constraint [material.UK_nrywgoaqmboopaauyvrlljycu]; nested exception is org.hibernate.exception.ConstraintViolationException: could not execute statement
2024-02-20 17:46:00 [http-nio-8085-exec-1] DEBUG c.w.wms.controller.BaseController : STARTING METHOD :createServiceResponseError() 
2024-02-20 17:46:00 [http-nio-8085-exec-1] DEBUG c.w.wms.controller.BaseController : ENDING METHOD :createServiceResponseError() 
2024-02-20 17:46:00 [http-nio-8085-exec-1] DEBUG c.w.w.c.WarehouseMasterController : ENDING METHOD :createMaterial() 
2024-02-20 17:46:20 [http-nio-8085-exec-2] DEBUG c.w.w.c.WarehouseMasterController : STARTING METHOD :createMaterial() 
2024-02-20 17:46:20 [http-nio-8085-exec-2] DEBUG c.w.wms.controller.BaseController : STARTING METHOD :createServiceResponse() 
2024-02-20 17:46:20 [http-nio-8085-exec-2] DEBUG c.w.wms.controller.BaseController : ENDING METHOD :createServiceResponse() 
2024-02-20 17:46:20 [http-nio-8085-exec-2] DEBUG c.w.w.c.WarehouseMasterController : ENDING METHOD :createMaterial() 
2024-02-20 17:46:43 [http-nio-8085-exec-3] DEBUG c.w.w.c.WarehouseMasterController : STARTING METHOD :createMaterial() 
2024-02-20 17:46:43 [http-nio-8085-exec-3] ERROR o.h.e.jdbc.spi.SqlExceptionHelper : Duplicate entry 'WDSCASIO INDIA PVT LTDCASIO' for key 'material.UK_nrywgoaqmboopaauyvrlljycu'
2024-02-20 17:46:43 [http-nio-8085-exec-3] ERROR c.w.w.c.WarehouseMasterController : MethodName : createMaterial() Error : could not execute statement; SQL [n/a]; constraint [material.UK_nrywgoaqmboopaauyvrlljycu]; nested exception is org.hibernate.exception.ConstraintViolationException: could not execute statement
2024-02-20 17:46:43 [http-nio-8085-exec-3] DEBUG c.w.wms.controller.BaseController : STARTING METHOD :createServiceResponseError() 
2024-02-20 17:46:43 [http-nio-8085-exec-3] DEBUG c.w.wms.controller.BaseController : ENDING METHOD :createServiceResponseError() 
2024-02-20 17:46:43 [http-nio-8085-exec-3] DEBUG c.w.w.c.WarehouseMasterController : ENDING METHOD :createMaterial() 
2024-02-20 17:47:34 [RMI TCP Connection(6)-127.0.0.1] INFO  o.s.b.a.SpringApplicationAdminMXBeanRegistrar$SpringApplicationAdmin : Application shutdown requested.
2024-02-20 17:47:34 [RMI TCP Connection(6)-127.0.0.1] INFO  o.s.o.j.LocalContainerEntityManagerFactoryBean : Closing JPA EntityManagerFactory for persistence unit 'default'
2024-02-20 17:47:37 [main] INFO  com.whydigit.wms.WMSApplication : Starting WMSApplication using Java 17 on DESKTOP-K8H1MVP with PID 13192 (D:\WMS\target\classes started by WDS032 in D:\WMS)
2024-02-20 17:47:37 [main] DEBUG com.whydigit.wms.WMSApplication : Running with Spring Boot v2.7.16, Spring v5.3.30
2024-02-20 17:47:37 [main] INFO  com.whydigit.wms.WMSApplication : No active profile set, falling back to 1 default profile: "default"
2024-02-20 17:47:38 [main] INFO  o.s.d.r.c.RepositoryConfigurationDelegate : Bootstrapping Spring Data JPA repositories in DEFAULT mode.
2024-02-20 17:47:38 [main] INFO  o.s.d.r.c.RepositoryConfigurationDelegate : Finished Spring Data repository scanning in 185 ms. Found 24 JPA repository interfaces.
2024-02-20 17:47:39 [main] INFO  o.s.b.w.e.tomcat.TomcatWebServer : Tomcat initialized with port(s): 8085 (http)
2024-02-20 17:47:39 [main] INFO  o.s.b.w.s.c.ServletWebServerApplicationContext : Root WebApplicationContext: initialization completed in 2655 ms
2024-02-20 17:47:42 [main] INFO  o.s.o.j.LocalContainerEntityManagerFactoryBean : Initialized JPA EntityManagerFactory for persistence unit 'default'
2024-02-20 17:47:42 [main] DEBUG c.w.wms.security.TokenProvider : getHMacSHA512Key byte : [12, -25, -38, 72, -63, 43, -10, -1, -92, -96, -43, -90, 36, 125, -26, -107, -114, 15, -111, 33, -46, -73, -123, -5, -53, -128, -52, -40, 30, -29, 118, 91, -14, 63, -92, -52, -67, -111, -57, 117, 90, -46, 15, -79, 115, -86, -3, 20, 114, -44, 26, -4, -5, 76, 65, 22, 23, -82, 115, 7, 111, 98, 119, 13]
2024-02-20 17:47:42 [main] DEBUG c.w.w.s.TokenAuthenticationFilter : Filter 'tokenAuthenticationFilter' configured for use
2024-02-20 17:47:43 [main] WARN  o.s.b.a.o.j.JpaBaseConfiguration$JpaWebConfiguration : spring.jpa.open-in-view is enabled by default. Therefore, database queries may be performed during view rendering. Explicitly configure spring.jpa.open-in-view to disable this warning
2024-02-20 17:47:44 [main] INFO  o.s.s.web.DefaultSecurityFilterChain : Will secure any request with [org.springframework.security.web.session.DisableEncodeUrlFilter@567412db, org.springframework.security.web.context.request.async.WebAsyncManagerIntegrationFilter@4addfb95, org.springframework.security.web.context.SecurityContextPersistenceFilter@24c4370a, org.springframework.security.web.header.HeaderWriterFilter@5d38758a, org.springframework.web.filter.CorsFilter@63d677f5, org.springframework.security.web.authentication.logout.LogoutFilter@11636d43, com.whydigit.wms.security.TokenAuthenticationFilter@17a89cb1, org.springframework.security.web.savedrequest.RequestCacheAwareFilter@41a3656f, org.springframework.security.web.servletapi.SecurityContextHolderAwareRequestFilter@5086e144, org.springframework.security.web.authentication.AnonymousAuthenticationFilter@2d3bb293, org.springframework.security.web.session.SessionManagementFilter@1c7da28, org.springframework.security.web.access.ExceptionTranslationFilter@d88d9d7, org.springframework.security.web.access.intercept.FilterSecurityInterceptor@4ca6e265]
2024-02-20 17:47:44 [main] INFO  o.s.b.w.e.tomcat.TomcatWebServer : Tomcat started on port(s): 8085 (http) with context path ''
2024-02-20 17:47:45 [main] INFO  com.whydigit.wms.WMSApplication : Started WMSApplication in 9.333 seconds (JVM running for 10.174)
2024-02-20 17:47:59 [http-nio-8085-exec-1] INFO  o.s.web.servlet.DispatcherServlet : Initializing Servlet 'dispatcherServlet'
2024-02-20 17:47:59 [http-nio-8085-exec-1] INFO  o.s.web.servlet.DispatcherServlet : Completed initialization in 2 ms
2024-02-20 17:48:07 [http-nio-8085-exec-3] DEBUG c.w.w.c.WarehouseMasterController : STARTING METHOD :createMaterial() 
2024-02-20 17:48:07 [http-nio-8085-exec-3] DEBUG c.w.wms.controller.BaseController : STARTING METHOD :createServiceResponse() 
2024-02-20 17:48:07 [http-nio-8085-exec-3] DEBUG c.w.wms.controller.BaseController : ENDING METHOD :createServiceResponse() 
2024-02-20 17:48:07 [http-nio-8085-exec-3] DEBUG c.w.w.c.WarehouseMasterController : ENDING METHOD :createMaterial() 
2024-02-20 17:48:15 [http-nio-8085-exec-6] DEBUG c.w.w.c.WarehouseMasterController : STARTING METHOD :createMaterial() 
2024-02-20 17:48:15 [http-nio-8085-exec-6] DEBUG c.w.wms.controller.BaseController : STARTING METHOD :createServiceResponse() 
2024-02-20 17:48:15 [http-nio-8085-exec-6] DEBUG c.w.wms.controller.BaseController : ENDING METHOD :createServiceResponse() 
2024-02-20 17:48:15 [http-nio-8085-exec-6] DEBUG c.w.w.c.WarehouseMasterController : ENDING METHOD :createMaterial() 
2024-02-20 17:48:28 [http-nio-8085-exec-2] DEBUG c.w.w.c.WarehouseMasterController : STARTING METHOD :createMaterial() 
2024-02-20 17:48:28 [http-nio-8085-exec-2] DEBUG c.w.wms.controller.BaseController : STARTING METHOD :createServiceResponse() 
2024-02-20 17:48:28 [http-nio-8085-exec-2] DEBUG c.w.wms.controller.BaseController : ENDING METHOD :createServiceResponse() 
2024-02-20 17:48:28 [http-nio-8085-exec-2] DEBUG c.w.w.c.WarehouseMasterController : ENDING METHOD :createMaterial() 
2024-02-20 17:48:36 [http-nio-8085-exec-5] DEBUG c.w.w.c.WarehouseMasterController : STARTING METHOD :createMaterial() 
2024-02-20 17:48:36 [http-nio-8085-exec-5] DEBUG c.w.wms.controller.BaseController : STARTING METHOD :createServiceResponse() 
2024-02-20 17:48:36 [http-nio-8085-exec-5] DEBUG c.w.wms.controller.BaseController : ENDING METHOD :createServiceResponse() 
2024-02-20 17:48:36 [http-nio-8085-exec-5] DEBUG c.w.w.c.WarehouseMasterController : ENDING METHOD :createMaterial() 
2024-02-20 17:49:21 [http-nio-8085-exec-10] DEBUG c.w.w.c.WarehouseMasterController : STARTING METHOD :getMaterialById() 
2024-02-20 17:49:21 [http-nio-8085-exec-10] DEBUG c.w.wms.controller.BaseController : STARTING METHOD :createServiceResponse() 
2024-02-20 17:49:21 [http-nio-8085-exec-10] DEBUG c.w.wms.controller.BaseController : ENDING METHOD :createServiceResponse() 
2024-02-20 17:49:21 [http-nio-8085-exec-10] DEBUG c.w.w.c.WarehouseMasterController : ENDING METHOD :getMaterialById() 
2024-02-20 17:50:08 [http-nio-8085-exec-1] DEBUG c.w.w.c.WarehouseMasterController : STARTING METHOD :getAllMaterialsByCompanyAndClient() 
2024-02-20 17:50:08 [http-nio-8085-exec-1] DEBUG c.w.wms.controller.BaseController : STARTING METHOD :createServiceResponse() 
2024-02-20 17:50:08 [http-nio-8085-exec-1] DEBUG c.w.wms.controller.BaseController : ENDING METHOD :createServiceResponse() 
2024-02-20 17:50:08 [http-nio-8085-exec-1] DEBUG c.w.w.c.WarehouseMasterController : ENDING METHOD :getAllMaterialsByCompanyAndClient() 
2024-02-20 17:51:32 [RMI TCP Connection(8)-127.0.0.1] INFO  o.s.b.a.SpringApplicationAdminMXBeanRegistrar$SpringApplicationAdmin : Application shutdown requested.
2024-02-20 17:51:32 [RMI TCP Connection(8)-127.0.0.1] INFO  o.s.o.j.LocalContainerEntityManagerFactoryBean : Closing JPA EntityManagerFactory for persistence unit 'default'
2024-02-20 17:51:34 [main] INFO  com.whydigit.wms.WMSApplication : Starting WMSApplication using Java 17 on DESKTOP-K8H1MVP with PID 16328 (D:\WMS\target\classes started by WDS032 in D:\WMS)
2024-02-20 17:51:34 [main] DEBUG com.whydigit.wms.WMSApplication : Running with Spring Boot v2.7.16, Spring v5.3.30
2024-02-20 17:51:34 [main] INFO  com.whydigit.wms.WMSApplication : No active profile set, falling back to 1 default profile: "default"
2024-02-20 17:51:35 [main] INFO  o.s.d.r.c.RepositoryConfigurationDelegate : Bootstrapping Spring Data JPA repositories in DEFAULT mode.
2024-02-20 17:51:35 [main] INFO  o.s.d.r.c.RepositoryConfigurationDelegate : Finished Spring Data repository scanning in 164 ms. Found 24 JPA repository interfaces.
2024-02-20 17:51:36 [main] INFO  o.s.b.w.e.tomcat.TomcatWebServer : Tomcat initialized with port(s): 8085 (http)
2024-02-20 17:51:36 [main] INFO  o.s.b.w.s.c.ServletWebServerApplicationContext : Root WebApplicationContext: initialization completed in 2164 ms
2024-02-20 17:51:38 [main] INFO  o.s.o.j.LocalContainerEntityManagerFactoryBean : Initialized JPA EntityManagerFactory for persistence unit 'default'
2024-02-20 17:51:39 [main] DEBUG c.w.wms.security.TokenProvider : getHMacSHA512Key byte : [12, -25, -38, 72, -63, 43, -10, -1, -92, -96, -43, -90, 36, 125, -26, -107, -114, 15, -111, 33, -46, -73, -123, -5, -53, -128, -52, -40, 30, -29, 118, 91, -14, 63, -92, -52, -67, -111, -57, 117, 90, -46, 15, -79, 115, -86, -3, 20, 114, -44, 26, -4, -5, 76, 65, 22, 23, -82, 115, 7, 111, 98, 119, 13]
2024-02-20 17:51:39 [main] DEBUG c.w.w.s.TokenAuthenticationFilter : Filter 'tokenAuthenticationFilter' configured for use
2024-02-20 17:51:40 [main] WARN  o.s.b.a.o.j.JpaBaseConfiguration$JpaWebConfiguration : spring.jpa.open-in-view is enabled by default. Therefore, database queries may be performed during view rendering. Explicitly configure spring.jpa.open-in-view to disable this warning
2024-02-20 17:51:40 [main] INFO  o.s.s.web.DefaultSecurityFilterChain : Will secure any request with [org.springframework.security.web.session.DisableEncodeUrlFilter@613aeb51, org.springframework.security.web.context.request.async.WebAsyncManagerIntegrationFilter@5ce59833, org.springframework.security.web.context.SecurityContextPersistenceFilter@1268ac94, org.springframework.security.web.header.HeaderWriterFilter@12e8c5c4, org.springframework.web.filter.CorsFilter@63d677f5, org.springframework.security.web.authentication.logout.LogoutFilter@6a434cdd, com.whydigit.wms.security.TokenAuthenticationFilter@17a89cb1, org.springframework.security.web.savedrequest.RequestCacheAwareFilter@7197b96c, org.springframework.security.web.servletapi.SecurityContextHolderAwareRequestFilter@105e9fef, org.springframework.security.web.authentication.AnonymousAuthenticationFilter@1ccdc8c8, org.springframework.security.web.session.SessionManagementFilter@1d2b49b2, org.springframework.security.web.access.ExceptionTranslationFilter@2a12048d, org.springframework.security.web.access.intercept.FilterSecurityInterceptor@3207e6de]
2024-02-20 17:51:41 [main] INFO  o.s.b.w.e.tomcat.TomcatWebServer : Tomcat started on port(s): 8085 (http) with context path ''
2024-02-20 17:51:42 [main] INFO  com.whydigit.wms.WMSApplication : Started WMSApplication in 8.05 seconds (JVM running for 8.857)
2024-02-20 18:23:25 [RMI TCP Connection(35)-127.0.0.1] INFO  o.s.b.a.SpringApplicationAdminMXBeanRegistrar$SpringApplicationAdmin : Application shutdown requested.
2024-02-20 18:23:26 [RMI TCP Connection(35)-127.0.0.1] INFO  o.s.o.j.LocalContainerEntityManagerFactoryBean : Closing JPA EntityManagerFactory for persistence unit 'default'
